<?xml version="1.0" encoding="UTF-8"?>
<testsuite xmlns:xsi="http://www.w3.org/2001/XMLSchema-instance" xsi:noNamespaceSchemaLocation="https://maven.apache.org/surefire/maven-surefire-plugin/xsd/surefire-test-report-3.0.xsd" version="3.0" name="com.example.auth0demo.Auth0demoApplicationTests" time="2.548" tests="1" errors="0" skipped="0" failures="0">
  <properties>
[...]
</properties>
  <testcase name="contextLoads" classname="com.example.auth0demo.Auth0demoApplicationTests" time="0.392">
    <system-out><![CDATA[13:31:30.667 [main] INFO org.springframework.test.context.support.AnnotationConfigContextLoaderUtils -- Could not detect default configuration classes for test class [com.example.auth0demo.Auth0demoApplicationTests]: Auth0demoApplicationTests does not declare any static, non-private, non-final, nested classes annotated with @Configuration.
13:31:30.722 [main] INFO org.springframework.boot.test.context.SpringBootTestContextBootstrapper -- Found @SpringBootConfiguration com.example.auth0demo.Auth0demoApplication for test class com.example.auth0demo.Auth0demoApplicationTests

  .   ____          _            __ _ _
 /\\ / ___'_ __ _ _(_)_ __  __ _ \ \ \ \
( ( )\___ | '_ | '_| | '_ \/ _` | \ \ \ \
 \\/  ___)| |_)| | | | | || (_| |  ) ) ) )
  '  |____| .__|_| |_|_| |_\__, | / / / /
 =========|_|==============|___/=/_/_/_/
 :: Spring Boot ::                (v3.2.3)

2024-03-10T13:31:30.984+07:00  INFO 70625 --- [           main] c.e.auth0demo.Auth0demoApplicationTests  : Starting Auth0demoApplicationTests using Java 17.0.10 with PID 70625 (started by sahadsanai.p in /Users/sahadsanai.p/Desktop/coffe/test5/auth0demo)
2024-03-10T13:31:30.985+07:00  INFO 70625 --- [           main] c.e.auth0demo.Auth0demoApplicationTests  : No active profile set, falling back to 1 default profile: "default"
2024-03-10T13:31:32.506+07:00  INFO 70625 --- [           main] o.s.b.a.w.s.WelcomePageHandlerMapping    : Adding welcome page template: index
2024-03-10T13:31:32.584+07:00  INFO 70625 --- [           main] o.s.s.web.DefaultSecurityFilterChain     : Will secure any request with [org.springframework.security.web.session.DisableEncodeUrlFilter@1a1c21b4, org.springframework.security.web.context.request.async.WebAsyncManagerIntegrationFilter@1cd2ff5b, org.springframework.security.web.context.SecurityContextHolderFilter@2871ac91, org.springframework.security.web.header.HeaderWriterFilter@57186526, org.springframework.web.filter.CorsFilter@38ac8968, org.springframework.security.web.csrf.CsrfFilter@1ee5632d, org.springframework.security.web.authentication.logout.LogoutFilter@5968800d, org.springframework.security.oauth2.client.web.OAuth2AuthorizationRequestRedirectFilter@22a6d75c, org.springframework.security.oauth2.client.web.OAuth2LoginAuthenticationFilter@382d71c7, org.springframework.security.web.authentication.UsernamePasswordAuthenticationFilter@443a06ad, org.springframework.security.web.authentication.ui.DefaultLoginPageGeneratingFilter@615efd1c, org.springframework.security.web.authentication.ui.DefaultLogoutPageGeneratingFilter@17ff8810, org.springframework.security.web.savedrequest.RequestCacheAwareFilter@6d69a0d3, org.springframework.security.web.servletapi.SecurityContextHolderAwareRequestFilter@1f916219, org.springframework.security.web.authentication.AnonymousAuthenticationFilter@6c951ada, org.springframework.security.web.access.ExceptionTranslationFilter@261f359f]
2024-03-10T13:31:32.707+07:00  INFO 70625 --- [           main] c.e.auth0demo.Auth0demoApplicationTests  : Started Auth0demoApplicationTests in 1.867 seconds (process running for 2.597)
]]></system-out>
  </testcase>
</testsuite>